Watching for file changes with StatReloader
C:\Users\ACER\AppData\Local\Programs\Python\Python312\Lib\site-packages\django\contrib\admin\options.py changed, reloading.
Watching for file changes with StatReloader
E:\python wed\site1\site1\settings.py changed, reloading.
Watching for file changes with StatReloader
Watching for file changes with StatReloader
Not Found: /favicon.ico
Watching for file changes with StatReloader
Not Found: /test/
Not Found: /test/
E:\python wed\site1\home\views.py changed, reloading.
E:\python wed\site1\home\views.py changed, reloading.
Watching for file changes with StatReloader
Watching for file changes with StatReloader
Watching for file changes with StatReloader
Internal Server Error: /
Traceback (most recent call last):
  File "C:\Users\ACER\AppData\Local\Programs\Python\Python312\Lib\site-packages\django\template\base.py", line 510, in parse
    compile_func = self.tags[command]
                   ~~~~~~~~~^^^^^^^^^
KeyError: 'static'

During handling of the above exception, another exception occurred:

Traceback (most recent call last):
  File "C:\Users\ACER\AppData\Local\Programs\Python\Python312\Lib\site-packages\django\core\handlers\exception.py", line 55, in inner
    response = get_response(request)
               ^^^^^^^^^^^^^^^^^^^^^
  File "C:\Users\ACER\AppData\Local\Programs\Python\Python312\Lib\site-packages\django\core\handlers\base.py", line 197, in _get_response
    response = wrapped_callback(request, *callback_args, **callback_kwargs)
               ^^^^^^^^^^^^^^^^^^^^^^^^^^^^^^^^^^^^^^^^^^^^^^^^^^^^^^^^^^^^
  File "E:\python wed\site1\home\views.py", line 6, in home
    return render(request, 'home/index.html', {'products': products})
           ^^^^^^^^^^^^^^^^^^^^^^^^^^^^^^^^^^^^^^^^^^^^^^^^^^^^^^^^^^
  File "C:\Users\ACER\AppData\Local\Programs\Python\Python312\Lib\site-packages\django\shortcuts.py", line 25, in render
    content = loader.render_to_string(template_name, context, request, using=using)
              ^^^^^^^^^^^^^^^^^^^^^^^^^^^^^^^^^^^^^^^^^^^^^^^^^^^^^^^^^^^^^^^^^^^^^
  File "C:\Users\ACER\AppData\Local\Programs\Python\Python312\Lib\site-packages\django\template\loader.py", line 61, in render_to_string
    template = get_template(template_name, using=using)
               ^^^^^^^^^^^^^^^^^^^^^^^^^^^^^^^^^^^^^^^^
  File "C:\Users\ACER\AppData\Local\Programs\Python\Python312\Lib\site-packages\django\template\loader.py", line 15, in get_template
    return engine.get_template(template_name)
           ^^^^^^^^^^^^^^^^^^^^^^^^^^^^^^^^^^
  File "C:\Users\ACER\AppData\Local\Programs\Python\Python312\Lib\site-packages\django\template\backends\django.py", line 79, in get_template
    return Template(self.engine.get_template(template_name), self)
                    ^^^^^^^^^^^^^^^^^^^^^^^^^^^^^^^^^^^^^^^
  File "C:\Users\ACER\AppData\Local\Programs\Python\Python312\Lib\site-packages\django\template\engine.py", line 177, in get_template
    template, origin = self.find_template(template_name)
                       ^^^^^^^^^^^^^^^^^^^^^^^^^^^^^^^^^
  File "C:\Users\ACER\AppData\Local\Programs\Python\Python312\Lib\site-packages\django\template\engine.py", line 159, in find_template
    template = loader.get_template(name, skip=skip)
               ^^^^^^^^^^^^^^^^^^^^^^^^^^^^^^^^^^^^
  File "C:\Users\ACER\AppData\Local\Programs\Python\Python312\Lib\site-packages\django\template\loaders\cached.py", line 57, in get_template
    template = super().get_template(template_name, skip)
               ^^^^^^^^^^^^^^^^^^^^^^^^^^^^^^^^^^^^^^^^^
  File "C:\Users\ACER\AppData\Local\Programs\Python\Python312\Lib\site-packages\django\template\loaders\base.py", line 28, in get_template
    return Template(
           ^^^^^^^^^
  File "C:\Users\ACER\AppData\Local\Programs\Python\Python312\Lib\site-packages\django\template\base.py", line 154, in __init__
    self.nodelist = self.compile_nodelist()
                    ^^^^^^^^^^^^^^^^^^^^^^^
  File "C:\Users\ACER\AppData\Local\Programs\Python\Python312\Lib\site-packages\django\template\base.py", line 196, in compile_nodelist
    nodelist = parser.parse()
               ^^^^^^^^^^^^^^
  File "C:\Users\ACER\AppData\Local\Programs\Python\Python312\Lib\site-packages\django\template\base.py", line 518, in parse
    raise self.error(token, e)
  File "C:\Users\ACER\AppData\Local\Programs\Python\Python312\Lib\site-packages\django\template\base.py", line 516, in parse
    compiled_result = compile_func(self, token)
                      ^^^^^^^^^^^^^^^^^^^^^^^^^
  File "C:\Users\ACER\AppData\Local\Programs\Python\Python312\Lib\site-packages\django\template\loader_tags.py", line 295, in do_extends
    nodelist = parser.parse()
               ^^^^^^^^^^^^^^
  File "C:\Users\ACER\AppData\Local\Programs\Python\Python312\Lib\site-packages\django\template\base.py", line 518, in parse
    raise self.error(token, e)
  File "C:\Users\ACER\AppData\Local\Programs\Python\Python312\Lib\site-packages\django\template\base.py", line 516, in parse
    compiled_result = compile_func(self, token)
                      ^^^^^^^^^^^^^^^^^^^^^^^^^
  File "C:\Users\ACER\AppData\Local\Programs\Python\Python312\Lib\site-packages\django\template\loader_tags.py", line 234, in do_block
    nodelist = parser.parse(("endblock",))
               ^^^^^^^^^^^^^^^^^^^^^^^^^^^
  File "C:\Users\ACER\AppData\Local\Programs\Python\Python312\Lib\site-packages\django\template\base.py", line 512, in parse
    self.invalid_block_tag(token, command, parse_until)
  File "C:\Users\ACER\AppData\Local\Programs\Python\Python312\Lib\site-packages\django\template\base.py", line 563, in invalid_block_tag
    raise self.error(
django.template.exceptions.TemplateSyntaxError: Invalid block tag on line 8: 'static', expected 'endblock'. Did you forget to register or load this tag?
Not Found: /test/
Not Found: /test/
Not Found: /test/
Not Found: /test/
Watching for file changes with StatReloader
Not Found: /products/
Not Found: /products/
Not Found: /products/
Watching for file changes with StatReloader
Not Found: /products/
Not Found: /products/
Not Found: /products/
Not Found: /products/
Not Found: /products/
Not Found: /products/
E:\python wed\site1\home\urls.py changed, reloading.
E:\python wed\site1\home\urls.py changed, reloading.
E:\python wed\site1\home\urls.py changed, reloading.
Watching for file changes with StatReloader
Watching for file changes with StatReloader
Watching for file changes with StatReloader
Watching for file changes with StatReloader
Watching for file changes with StatReloader
Watching for file changes with StatReloader
Watching for file changes with StatReloader
Watching for file changes with StatReloader
Watching for file changes with StatReloader
Watching for file changes with StatReloader
Watching for file changes with StatReloader
Watching for file changes with StatReloader
Not Found: /favicon.ico
Watching for file changes with StatReloader
Watching for file changes with StatReloader
Watching for file changes with StatReloader
Watching for file changes with StatReloader
Watching for file changes with StatReloader
Watching for file changes with StatReloader
Not Found: /static/css/style.css
Not Found: /static/images/electrician.jpg
Not Found: /favicon.ico
Not Found: /static/css/style.css
Not Found: /static/images/electrician.jpg
Not Found: /static/css/style.css
Not Found: /static/css/style.css
Not Found: /static/images/electrician.jpg
Not Found: /static/css/style.css
Watching for file changes with StatReloader
Watching for file changes with StatReloader
Not Found: /static/css/style.css
Not Found: /static/images/electrician.jpg
Not Found: /favicon.ico
Not Found: /static/css/style.css
Not Found: /static/images/electrician.jpg
Not Found: /static/css/style.css
Not Found: /static/css/style.css
Not Found: /static/images/electrician.jpg
Not Found: /static/css/style.css
Not Found: /static/images/electrician.jpg
Not Found: /static/css/style.css
Not Found: /static/images/electrician.jpg
Not Found: /static/css/style.css
Not Found: /static/images/electrician.jpg
Not Found: /static/css/style.css
Not Found: /static/css/style.css
Not Found: /static/css/style.css
Not Found: /static/images/electrician.jpg
Not Found: /static/css/style.css
Not Found: /static/images/electrician.jpg
Not Found: /static/css/style.css
Not Found: /static/css/style.css
Not Found: /static/images/electrician.jpg
Not Found: /static/css/style.css
Not Found: /static/css/style.css
Not Found: /static/css/style.css
Not Found: /static/images/electrician.jpg
Not Found: /static/css/style.css
Not Found: /static/css/style.css
Not Found: /static/images/electrician.jpg
Not Found: /static/css/style.css
Not Found: /static/images/electrician.jpg
Not Found: /static/css/style.css
Not Found: /static/images/electrician.jpg
Not Found: /static/css/style.css
Not Found: /static/images/electrician.jpg
Not Found: /static/css/style.css
Not Found: /static/images/electrician.jpg
Not Found: /static/css/style.css
Not Found: /static/css/style.css
Not Found: /static/images/electrician.jpg
Not Found: /static/css/style.css
Not Found: /static/images/electrician.jpg
Not Found: /static/css/style.css
Not Found: /static/css/style.css
Not Found: /static/css/style.css
Not Found: /static/images/electrician.jpg
Watching for file changes with StatReloader
Not Found: /static/css/style.css
Not Found: /static/images/electrician.jpg
Not Found: /static/css/style.css
Not Found: /san-pham/
Not Found: /lien-he/
Not Found: /dich-vu/
Not Found: /static/css/style.css
Not Found: /static/images/electrician.jpg
Not Found: /dich-vu/
Not Found: /static/css/style.css
Not Found: /static/images/electrician.jpg
Not Found: /static/css/style.css
Not Found: /static/css/style.css
Not Found: /static/images/electrician.jpg
Not Found: /dich-vu/
Not Found: /dich-vu/
Not Found: /dich-vu/
Not Found: /dich-vu/
E:\python wed\site1\home\urls.py changed, reloading.
E:\python wed\site1\home\urls.py changed, reloading.
Watching for file changes with StatReloader
Watching for file changes with StatReloader
Watching for file changes with StatReloader
Not Found: /static/css/style.css
Not Found: /static/images/electrician.jpg
Not Found: /static/css/style.css
Not Found: /static/css/style.css
Not Found: /static/images/electrician.jpg
Not Found: /static/css/style.css
Not Found: /static/images/electrician.jpg
Not Found: /static/css/style.css
Not Found: /static/css/style.css
Not Found: /static/images/electrician.jpg
Not Found: /static/css/style.css
Not Found: /static/css/style.css
Not Found: /static/css/style.css
Not Found: /static/images/electrician.jpg
Not Found: /static/css/style.css
Watching for file changes with StatReloader
Not Found: /static/images/logo.png
Not Found: /static/css/style.css
Not Found: /static/images/electrician.jpg
Not Found: /static/css/style.css
Not Found: /static/images/logo.png
Not Found: /static/images/electrician.jpg
Not Found: /static/css/style.css
Not Found: /static/css/style.css
Not Found: /static/images/logo.png
Not Found: /static/images/electrician.jpg
Not Found: /static/css/style.css
Not Found: /static/images/logo.png
Not Found: /static/images/electrician.jpg
Not Found: /static/css/style.css
Not Found: /static/images/logo.png
Not Found: /static/images/electrician.jpg
Watching for file changes with StatReloader
Not Found: /static/css/style.css
Not Found: /static/images/logo.png
Not Found: /static/images/electrician.jpg
Not Found: /static/css/style.css
Not Found: /static/images/logo.png
Not Found: /static/css/style.css
Not Found: /static/images/logo.png
Not Found: /static/images/electrician.jpg
Not Found: /static/css/style.css
Not Found: /static/images/logo.png
Not Found: /static/css/style.css
Not Found: /static/images/logo.png
Not Found: /static/images/electrician.jpg
Not Found: /static/css/style.css
Not Found: /static/images/logo.png
Not Found: /static/css/style.css
Not Found: /static/images/logo.png
Not Found: /static/css/style.css
Not Found: /static/images/logo.png
Not Found: /static/css/style.css
Not Found: /static/images/logo.png
Not Found: /static/css/style.css
Not Found: /static/images/logo.png
Not Found: /static/css/style.css
Not Found: /static/images/logo.png
Not Found: /static/css/style.css
Not Found: /static/images/logo.png
Not Found: /static/css/style.css
Not Found: /static/images/logo.png
Not Found: /static/css/style.css
Not Found: /static/images/logo.png
Not Found: /static/images/electrician.jpg
Not Found: /static/css/style.css
Not Found: /static/images/logo.png
Not Found: /static/images/electrician.jpg
Not Found: /static/css/style.css
Not Found: /static/images/logo.png
Not Found: /static/images/electrician.jpg
Not Found: /static/css/style.css
Not Found: /static/images/logo.png
Not Found: /static/images/electrician.jpg
Not Found: /static/css/style.css
Not Found: /static/images/logo.png
Not Found: /static/images/electrician.jpg
Watching for file changes with StatReloader
Not Found: /static/css/style.css
Not Found: /static/images/logo.png
Not Found: /static/images/electrician.jpg
Not Found: /static/css/style.css
Not Found: /static/images/logo.png
Not Found: /static/images/electrician.jpg
Not Found: /static/css/style.css
Not Found: /static/css/style.css
Not Found: /static/images/logo.png
Not Found: /static/images/electrician.jpg
Not Found: /static/css/style.css
Not Found: /static/images/logo.png
Not Found: /static/images/electrician.jpg
Not Found: /static/css/style.css
Not Found: /static/images/logo.png
Not Found: /static/images/electrician.jpg
Not Found: /static/css/style.css
Not Found: /static/images/logo.png
Not Found: /static/images/electrician.jpg
Not Found: /static/css/style.css
Not Found: /static/images/logo.png
Not Found: /static/images/electrician.jpg
Not Found: /static/css/style.css
Not Found: /static/images/logo.png
Not Found: /static/images/electrician.jpg
Not Found: /static/css/style.css
Not Found: /static/images/logo.png
Not Found: /static/images/electrician.jpg
Not Found: /static/css/style.css
Not Found: /static/images/logo.png
Not Found: /static/images/electrician.jpg
Not Found: /static/css/style.css
Not Found: /static/images/logo.png
Not Found: /static/images/electrician.jpg
Not Found: /static/css/style.css
Not Found: /static/images/logo.png
Not Found: /static/images/electrician.jpg
Not Found: /static/css/style.css
Not Found: /static/images/logo.png
Not Found: /static/images/electrician.jpg
Not Found: /static/css/style.css
Not Found: /static/images/logo.png
Watching for file changes with StatReloader
Not Found: /static/css/style.css
Not Found: /static/images/logo.png
Not Found: /static/images/electrician.jpg
Not Found: /static/css/style.css
Not Found: /static/images/logo.png
Not Found: /static/images/electrician.jpg
Not Found: /static/css/style.css
Not Found: /static/images/logo.png
Not Found: /static/images/electrician.jpg
Not Found: /static/css/style.css
Not Found: /static/images/electrician.jpg
Not Found: /static/images/logo.png
Not Found: /static/css/style.css
Not Found: /static/images/logo.png
Not Found: /static/images/electrician.jpg
Not Found: /static/css/style.css
Not Found: /static/images/logo.png
Not Found: /static/images/electrician.jpg
Not Found: /static/css/style.css
Not Found: /static/images/logo.png
Not Found: /static/images/electrician.jpg
Not Found: /static/css/style.css
Not Found: /static/images/logo.png
Not Found: /static/images/electrician.jpg
Not Found: /static/css/style.css
Not Found: /static/images/logo.png
Not Found: /static/images/electrician.jpg
Not Found: /static/css/style.css
Not Found: /static/images/electrician.jpg
Not Found: /static/images/logo.jpg
Not Found: /static/css/style.css
Not Found: /static/images/logo.jpg
Not Found: /static/images/electrician.jpg
Not Found: /static/css/style.css
Not Found: /static/images/logo.jpg
Not Found: /static/images/electrician.jpg
Not Found: /static/css/style.css
Not Found: /static/images/logo.jpg
Not Found: /static/images/electrician.jpg
Not Found: /static/css/style.css
Not Found: /static/images/logo.jpg
Not Found: /static/images/electrician.jpg
Not Found: /static/css/style.css
Not Found: /static/images/electrician.jpg
Not Found: /static/images/logo.jpg
Not Found: /static/css/style.css
Not Found: /static/images/logo.jpg
Not Found: /static/images/electrician.jpg
Not Found: /static/css/style.css
Not Found: /static/images/logo.jpg
Not Found: /static/images/electrician.jpg
Not Found: /static/css/style.css
Not Found: /static/images/logo.jpg
Not Found: /static/images/electrician.jpg
Not Found: /static/css/style.css
Not Found: /static/images/logo.jpg
Not Found: /static/css/style.css
Not Found: /static/images/logo.jpg
Not Found: /static/css/style.css
Not Found: /static/images/logo.jpg
Not Found: /static/images/electrician.jpg
Not Found: /static/css/style.css
Not Found: /static/images/logo.jpg
Not Found: /static/images/electrician.jpg
Not Found: /static/css/style.css
Not Found: /static/images/logo.jpg
Not Found: /static/css/style.css
Not Found: /static/images/logo.jpg
Not Found: /static/css/style.css
Not Found: /static/images/logo.jpg
Not Found: /static/css/style.css
Not Found: /static/images/logo.jpg
Not Found: /static/css/style.css
Not Found: /static/images/logo.jpg
Not Found: /static/images/electrician.jpg
Not Found: /static/css/style.css
Not Found: /static/images/logo.jpg
Not Found: /static/images/electrician.jpg
Not Found: /static/css/style.css
Not Found: /static/images/logo.jpg
Watching for file changes with StatReloader
Not Found: /static/css/style.css
Not Found: /static/images/logo.jpg
Not Found: /static/images/electrician.jpg
Not Found: /static/css/style.css
Not Found: /static/css/style.css
Not Found: /static/images/logo.jpg
Not Found: /static/images/electrician.jpg
Not Found: /static/css/style.css
Not Found: /static/images/logo.jpg
Not Found: /static/images/electrician.jpg
Watching for file changes with StatReloader
Not Found: /static/css/style.css
Not Found: /static/images/logo.jpg
Not Found: /static/images/electrician.jpg
Not Found: /static/css/style.css
Not Found: /static/css/style.css
Not Found: /static/css/style.css
Not Found: /static/images/logo.jpg
Not Found: /static/images/electrician.jpg
Not Found: /favicon.ico
Not Found: /static/css/style.css
Not Found: /favicon.ico
Not Found: /static/css/style.css
Not Found: /static/images/logo.jpg
Not Found: /static/css/style.css
Not Found: /static/images/logo.jpg
Not Found: /static/images/electrician.jpg
Not Found: /static/css/style.css
Not Found: /static/images/logo.jpg
Not Found: /static/css/style.css
Not Found: /static/images/logo.jpg
Not Found: /static/css/style.css
Not Found: /static/images/logo.jpg
Not Found: /static/images/electrician.jpg
Watching for file changes with StatReloader
Watching for file changes with StatReloader
Not Found: /static/css/style.css
Not Found: /static/images/logo.jpg
Not Found: /static/images/electrician.jpg
Not Found: /static/css/style.css
Not Found: /static/images/logo.jpg
Not Found: /static/images/electrician.jpg
Not Found: /static/css/style.css
Not Found: /static/images/logo.jpg
Not Found: /static/images/electrician.jpg
Not Found: /static/css/style.css
Watching for file changes with StatReloader
Not Found: /static/css/style.css
Not Found: /static/images/logo.jpg
Not Found: /static/images/electrician.jpg
Not Found: /static/css/style.css
Not Found: /static/images/logo.jpg
Not Found: /static/images/electrician.jpg
Not Found: /static/css/style.css
Not Found: /static/images/logo.jpg
Not Found: /static/images/electrician.jpg
Not Found: /static/css/style.css
Not Found: /static/css/style.css
Not Found: /static/images/electrician.jpg
Not Found: /static/images/logo.jpg
E:\python wed\site1\site1\settings.py changed, reloading.
E:\python wed\site1\site1\settings.py changed, reloading.
E:\python wed\site1\site1\settings.py changed, reloading.
E:\python wed\site1\site1\settings.py changed, reloading.
Watching for file changes with StatReloader
Watching for file changes with StatReloader
Watching for file changes with StatReloader
Watching for file changes with StatReloader
Watching for file changes with StatReloader
Watching for file changes with StatReloader
Not Found: /static/css/style.css
Not Found: /static/css/style.css
Not Found: /static/css/style.css
Not Found: /static/css/style.css
Not Found: /static/css/style.css
Not Found: /static/css/style.css
Not Found: /static/css/style.css
Not Found: /static/css/style.css
Not Found: /static/css/style.css
Not Found: /static/css/style.css
Not Found: /static/css/style.css
Not Found: /static/css/style.css
Watching for file changes with StatReloader
Watching for file changes with StatReloader
Not Found: /static/images/logo.jpg
Not Found: /static/css/style.css
Not Found: /static/images/electrician.jpg
Not Found: /static/css/style.css
Not Found: /favicon.ico
Not Found: /static/css/style.css
Not Found: /static/images/logo.jpg
Not Found: /static/css/style.css
Not Found: /static/images/logo.jpg
Not Found: /static/images/electrician.jpg
Not Found: /static/css/style.css
Not Found: /static/images/logo.jpg
Not Found: /static/css/style.css
Not Found: /static/images/logo.jpg
Not Found: /static/images/electrician.jpg
Not Found: /static/css/style.css
Not Found: /static/images/logo.jpg
Not Found: /static/css/style.css
Not Found: /static/images/logo.jpg
Not Found: /static/images/electrician.jpg
Watching for file changes with StatReloader
Not Found: /static/css/style.css
Not Found: /static/images/logo.jpg
Not Found: /static/images/electrician.jpg
Watching for file changes with StatReloader
Not Found: /static/css/style.css
Not Found: /static/images/electrician.jpg
Not Found: /static/images/logo.jpg
Not Found: /static/css/style.css
Not Found: /static/images/logo.jpg
Not Found: /static/css/style.css
Not Found: /static/images/logo.jpg
Not Found: /static/css/style.css
Not Found: /static/images/logo.jpg
Not Found: /static/css/style.css
Not Found: /static/images/logo.jpg
Not Found: /static/css/style.css
Not Found: /static/images/logo.jpg
Not Found: /static/css/style.css
Not Found: /static/images/logo.jpg
Not Found: /static/css/style.css
Not Found: /static/images/logo.jpg
Not Found: /static/css/style.css
Not Found: /static/images/logo.jpg
Not Found: /static/images/electrician.jpg
Not Found: /static/css/style.css
Not Found: /static/images/logo.jpg
Not Found: /static/images/electrician.jpg
Not Found: /static/css/style.css
Not Found: /static/images/logo.jpg
Not Found: /static/images/electrician.jpg
E:\python wed\site1\site1\settings.py changed, reloading.
Watching for file changes with StatReloader
Not Found: /static/images/logo.jpg
Not Found: /static/css/style.css
Not Found: /static/images/electrician.jpg
Not Found: /static/css/style.css
Not Found: /static/images/logo.jpg
Not Found: /static/css/style.css
Not Found: /static/images/logo.jpg
Not Found: /static/css/style.css
Not Found: /static/images/logo.jpg
Not Found: /static/images/electrician.jpg
Not Found: /static/css/style.css
Not Found: /static/images/logo.jpg
Not Found: /static/images/electrician.jpg
Not Found: /favicon.ico
Not Found: /static/css/style.css
Not Found: /static/css/style.css
Not Found: /static/images/logo.jpg
Not Found: /static/images/electrician.jpg
Watching for file changes with StatReloader
Not Found: /static/images/logo.jpg
Not Found: /static/css/style.css
Not Found: /static/images/electrician.jpg
Not Found: /static/css/style.css
Not Found: /static/images/logo.jpg
Not Found: /static/images/electrician.jpg
Not Found: /static/css/style.css
Not Found: /static/images/logo.jpg
Not Found: /static/images/electrician.jpg
Not Found: /static/css/style.css
Not Found: /static/images/logo.jpg
Not Found: /static/images/electrician.jpg
Not Found: /static/css/style.css
Not Found: /static/images/logo.jpg
Not Found: /static/images/electrician.jpg
Not Found: /static/css/style.css
Not Found: /static/images/logo.jpg
Not Found: /static/images/electrician.jpg
Watching for file changes with StatReloader
Watching for file changes with StatReloader
Not Found: /static/images/logo.jpg
Not Found: /static/images/electrician.jpg
Not Found: /static/css/style.css
E:\python wed\site1\site1\settings.py changed, reloading.
Watching for file changes with StatReloader
Watching for file changes with StatReloader
Watching for file changes with StatReloader
